<?xml version="1.0" encoding="UTF-8"?>
<testng-results skipped="0" failed="0" total="1" passed="1">
  <reporter-output>
  </reporter-output>
  <suite name="SeleniumcucumberSuite" duration-ms="39807" started-at="2018-01-21T20:02:41Z" finished-at="2018-01-21T20:03:21Z">
    <groups>
      <group name="cucumber">
        <method signature="AbstractTestNGCucumberTests.feature(cucumber.api.testng.CucumberFeatureWrapper)[pri:0, instance:com.selenium.runner.Runner@192b07fd]" name="feature" class="cucumber.api.testng.AbstractTestNGCucumberTests"/>
      </group> <!-- cucumber -->
    </groups>
    <test name="Cucumber" duration-ms="39807" started-at="2018-01-21T20:02:41Z" finished-at="2018-01-21T20:03:21Z">
      <class name="com.selenium.runner.Runner">
        <test-method status="PASS" signature="setUpClass()[pri:0, instance:com.selenium.runner.Runner@192b07fd]" name="setUpClass" is-config="true" duration-ms="1575" started-at="2018-01-21T14:02:41Z" finished-at="2018-01-21T14:02:42Z">
          <reporter-output>
          </reporter-output>
        </test-method> <!-- setUpClass -->
        <test-method status="PASS" signature="feature(cucumber.api.testng.CucumberFeatureWrapper)[pri:0, instance:com.selenium.runner.Runner@192b07fd]" name="feature" duration-ms="37590" started-at="2018-01-21T14:02:43Z" description="Runs Cucumber Feature" data-provider="features" finished-at="2018-01-21T14:03:21Z">
          <params>
            <param index="0">
              <value>
                <![CDATA[Title of your feature]]>
              </value>
            </param>
          </params>
          <reporter-output>
          </reporter-output>
        </test-method> <!-- feature -->
        <test-method status="PASS" signature="tearDownClass()[pri:0, instance:com.selenium.runner.Runner@192b07fd]" name="tearDownClass" is-config="true" duration-ms="127" started-at="2018-01-21T14:03:21Z" finished-at="2018-01-21T14:03:21Z">
          <reporter-output>
          </reporter-output>
        </test-method> <!-- tearDownClass -->
      </class> <!-- com.selenium.runner.Runner -->
    </test> <!-- Cucumber -->
  </suite> <!-- SeleniumcucumberSuite -->
  <suite name="AllTest" duration-ms="0" started-at="2018-01-21T20:03:21Z" finished-at="2018-01-21T20:03:21Z">
    <groups>
    </groups>
  </suite> <!-- AllTest -->
</testng-results>
